<?xml version="1.0" encoding="UTF-8"?>
<testsuite xmlns:xsi="http://www.w3.org/2001/XMLSchema-instance" xsi:noNamespaceSchemaLocation="https://maven.apache.org/surefire/maven-surefire-plugin/xsd/surefire-test-report-3.0.xsd" version="3.0" name="com.example.bibliotheque.BibliothequeTest" time="0.055" tests="7" errors="0" skipped="0" failures="0">
  <properties>
[...]
</properties>
  <testcase name="testEmprunterRetournerLivre" classname="com.example.bibliotheque.BibliothequeTest" time="0.015"/>
  <testcase name="testModifierLivre" classname="com.example.bibliotheque.BibliothequeTest" time="0.001"/>
  <testcase name="testSauvegardeEtChargement" classname="com.example.bibliotheque.BibliothequeTest" time="0.018"/>
  <testcase name="testSupprimerLivre" classname="com.example.bibliotheque.BibliothequeTest" time="0.002"/>
  <testcase name="testRechercherParId" classname="com.example.bibliotheque.BibliothequeTest" time="0.001"/>
  <testcase name="testAjouterLivre" classname="com.example.bibliotheque.BibliothequeTest" time="0.001"/>
  <testcase name="testRechercherParTitreOuAuteur" classname="com.example.bibliotheque.BibliothequeTest" time="0"/>
</testsuite>